[INFO] 2025-12-08 16:13:45 whatsappapi.views views.wasender_webhook:1528 - 📥 WEBHOOK RECEIVED | User: 2 | Event: messages.update | Session: fd7e33ce833f7a83c659...
[INFO] 2025-12-08 16:13:45 whatsappapi.views views.wasender_webhook:1529 - 🔐 Webhook Signature: 0f6aa70ccbd42c0c9ce1...
[INFO] 2025-12-08 16:13:45 whatsappapi.views views.wasender_webhook:1530 - 📦 Webhook Payload: {
  "event": "messages.update",
  "sessionId": "fd7e33ce833f7a83c65964d61ba3f37939fd0d8c9845154b12a74802bd57f807",
  "data": {
    "key": {
      "id": "3EB0105D3D3433C7040D9C",
      "fromMe": true,
      "remoteJid": "16595921449079@lid",
      "senderLid": "16595921449079@lid"
    },
    "status": 4
  },
  "timestamp": 1765196024980
}
[INFO] 2025-12-08 16:13:45 whatsappapi.views views.wasender_webhook:1528 - 📥 WEBHOOK RECEIVED | User: 2 | Event: messages.update | Session: fd7e33ce833f7a83c659...
[INFO] 2025-12-08 16:13:45 whatsappapi.views views.wasender_webhook:1529 - 🔐 Webhook Signature: 0f6aa70ccbd42c0c9ce1...
[INFO] 2025-12-08 16:13:45 whatsappapi.views views.wasender_webhook:1530 - 📦 Webhook Payload: {
  "event": "messages.update",
  "sessionId": "fd7e33ce833f7a83c65964d61ba3f37939fd0d8c9845154b12a74802bd57f807",
  "data": {
    "remoteJid": "919961557713@s.whatsapp.net",
    "id": "3EB019845AC5CEB7F49854",
    "msgId": 15131853,
    "key": {
      "id": "3EB019845AC5CEB7F49854",
      "fromMe": true,
      "remoteJid": "919961557713@s.whatsapp.net"
    },
    "message": {
      "documentMessage": {
        "url": "https://mmg.whatsapp.net/v/t62.7119-24/595637754_1233748988665865_448052359555674101_n.enc?ccb=11-4&oh=01_Q5Aa3QExJKndsWWQwBGoibqI1e7XygnMziGigjYSVhTv_rHb6w&oe=695E150F&_nc_sid=5e03e0&mms3=true",
        "caption": "\ud83d\udce2 *Exciting News, Shabana!*\r\n\r\nAre you ready to elevate your marketing game? \ud83d\ude80 Our latest campaign is designed just for you!\r\n\r\n\u2705 Tailored strategies to boost your brand visibility\r\n\u2705 Expert insights to drive customer engagement\r\n\u2705 Exclusive tips to maximize your ROI\r\n\r\nJoin us and transform your marketing approach today! \r\n\r\n\ud83d\udc49 *Learn more now:*\r\nhttps://example.com\r\n\r\nLooking forward to seeing you succeed! \ud83c\udf89",
        "fileName": "Pasons_Al_nahda.pdf",
        "mediaKey": {
          "data": [
            104,
            40,
            14,
            153,
            187,
            150,
            11,
            32,
            63,
            146,
            228,
            169,
            42,
            14,
            234,
            40,
            40,
            190,
            75,
            155,
            14,
            68,
            94,
            158,
            239,
            29,
            45,
            250,
            66,
            1,
            209,
            237
          ],
          "type": "Buffer"
        },
        "mimetype": "application/pdf",
        "directPath": "/v/t62.7119-24/595637754_1233748988665865_448052359555674101_n.enc?ccb=11-4&oh=01_Q5Aa3QExJKndsWWQwBGoibqI1e7XygnMziGigjYSVhTv_rHb6w&oe=695E150F&_nc_sid=5e03e0",
        "fileLength": 778221,
        "fileSha256": {
          "data": [
            21,
            167,
            183,
            163,
            172,
            129,
            130,
            4,
            15,
            148,
            157,
            36,
            90,
            223,
            32,
            95,
            194,
            11,
            94,
            105,
            117,
            169,
            149,
            241,
            203,
            197,
            18,
            15,
            66,
            247,
            253,
            202
          ],
          "type": "Buffer"
        },
        "fileEncSha256": {
          "data": [
            6,
            10,
            195,
            8,
            106,
            208,
            187,
            108,
            192,
            217,
            185,
            46,
            126,
            255,
            16,
            164,
            92,
            72,
            190,
            104,
            116,
            211,
            29,
            162,
            122,
            50,
            17,
            167,
            62,
            54,
            73,
            65
          ],
          "type": "Buffer"
        },
        "mediaKeyTimestamp": 1765195747
      }
    },
    "messageTimestamp": "1765195747",
    "status": 4
  },
  "timestamp": 1765196024984
}
[WARNING] 2025-12-08 16:13:45 whatsappapi.views views.wasender_webhook:1574 - ⚠️ WEBHOOK PROCESSING FAILED | User: 2 | Event: messages.update
[INFO] 2025-12-08 16:13:45 django.server log.log_message:249 - "POST /whatsappapi/webhook/2/ HTTP/1.1" 200 110
[INFO] 2025-12-08 16:13:45 whatsappapi.views views.wasender_webhook:1572 - ✅ WEBHOOK PROCESSED | User: 2 | Event: messages.update | Time: 21.64ms
[INFO] 2025-12-08 16:13:45 django.server log.log_message:249 - "POST /whatsappapi/webhook/2/ HTTP/1.1" 200 110
[INFO] 2025-12-08 16:13:45 whatsappapi.views views.wasender_webhook:1528 - 📥 WEBHOOK RECEIVED | User: 2 | Event: messages.update | Session: fd7e33ce833f7a83c659...
[INFO] 2025-12-08 16:13:45 whatsappapi.views views.wasender_webhook:1529 - 🔐 Webhook Signature: 0f6aa70ccbd42c0c9ce1...
[INFO] 2025-12-08 16:13:45 whatsappapi.views views.wasender_webhook:1530 - 📦 Webhook Payload: {
  "event": "messages.update",
  "sessionId": "fd7e33ce833f7a83c65964d61ba3f37939fd0d8c9845154b12a74802bd57f807",
  "data": {
    "key": {
      "id": "3EB01FA700B55E08EB0456",
      "fromMe": true,
      "remoteJid": "16595921449079@lid",
      "senderLid": "16595921449079@lid"
    },
    "status": 4
  },
  "timestamp": 1765196024982
}
[WARNING] 2025-12-08 16:13:45 whatsappapi.views views.wasender_webhook:1574 - ⚠️ WEBHOOK PROCESSING FAILED | User: 2 | Event: messages.update
[INFO] 2025-12-08 16:13:45 django.server log.log_message:249 - "POST /whatsappapi/webhook/2/ HTTP/1.1" 200 110
[INFO] 2025-12-08 16:13:45 whatsappapi.views views.wasender_webhook:1528 - 📥 WEBHOOK RECEIVED | User: 2 | Event: messages.update | Session: fd7e33ce833f7a83c659...
[INFO] 2025-12-08 16:13:45 whatsappapi.views views.wasender_webhook:1529 - 🔐 Webhook Signature: 0f6aa70ccbd42c0c9ce1...
[INFO] 2025-12-08 16:13:45 whatsappapi.views views.wasender_webhook:1530 - 📦 Webhook Payload: {
  "event": "messages.update",
  "sessionId": "fd7e33ce833f7a83c65964d61ba3f37939fd0d8c9845154b12a74802bd57f807",
  "data": {
    "key": {
      "id": "3EB0DFA3D368FC1D509CBA",
      "fromMe": true,
      "remoteJid": "16595921449079@lid",
      "senderLid": "16595921449079@lid"
    },
    "status": 4
  },
  "timestamp": 1765196024981
}
[WARNING] 2025-12-08 16:13:45 whatsappapi.views views.wasender_webhook:1574 - ⚠️ WEBHOOK PROCESSING FAILED | User: 2 | Event: messages.update
[INFO] 2025-12-08 16:13:45 django.server log.log_message:249 - "POST /whatsappapi/webhook/2/ HTTP/1.1" 200 110
[INFO] 2025-12-08 16:13:45 whatsappapi.views views.wasender_webhook:1528 - 📥 WEBHOOK RECEIVED | User: 2 | Event: messages.update | Session: fd7e33ce833f7a83c659...
[INFO] 2025-12-08 16:13:45 whatsappapi.views views.wasender_webhook:1529 - 🔐 Webhook Signature: 0f6aa70ccbd42c0c9ce1...
[INFO] 2025-12-08 16:13:45 whatsappapi.views views.wasender_webhook:1530 - 📦 Webhook Payload: {
  "event": "messages.update",
  "sessionId": "fd7e33ce833f7a83c65964d61ba3f37939fd0d8c9845154b12a74802bd57f807",
  "data": {
    "key": {
      "id": "3EB0F7CED9B9FC5AD75461",
      "fromMe": true,
      "remoteJid": "16595921449079@lid",
      "senderLid": "16595921449079@lid"
    },
    "status": 4
  },
  "timestamp": 1765196024982
}
[WARNING] 2025-12-08 16:13:45 whatsappapi.views views.wasender_webhook:1574 - ⚠️ WEBHOOK PROCESSING FAILED | User: 2 | Event: messages.update
[INFO] 2025-12-08 16:13:45 django.server log.log_message:249 - "POST /whatsappapi/webhook/2/ HTTP/1.1" 200 110
[INFO] 2025-12-08 16:13:46 whatsappapi.views views.wasender_webhook:1528 - 📥 WEBHOOK RECEIVED | User: 4 | Event: messages.update | Session: d7d26550f17fc0ae996f...
[INFO] 2025-12-08 16:13:46 whatsappapi.views views.wasender_webhook:1529 - 🔐 Webhook Signature: dab9170e3594a894d100...
[INFO] 2025-12-08 16:13:46 whatsappapi.views views.wasender_webhook:1530 - 📦 Webhook Payload: {
  "event": "messages.update",
  "sessionId": "d7d26550f17fc0ae996fcd1adfff41347f25b75a0ba70a53db8525f093eecc3e",
  "data": {
    "remoteJid": "919961557713@s.whatsapp.net",
    "id": "3EB0A72B691109055ED02A",
    "msgId": 15128294,
    "key": {
      "id": "3EB0A72B691109055ED02A",
      "fromMe": true,
      "remoteJid": "919961557713@s.whatsapp.net"
    },
    "message": {
      "documentMessage": {
        "url": "https://mmg.whatsapp.net/v/t62.7119-24/597672943_880068377693347_4759513307553281442_n.enc?ccb=11-4&oh=01_Q5Aa3QEt7TRH21DsWpuxbGJ4mKMtPTRxjlwbgL9Hi0DvGbdEig&oe=695E3EDD&_nc_sid=5e03e0&mms3=true",
        "caption": "\ud83d\udce2 *Hello, Shabana!*\r\n\r\nWe have some exciting news just for you! \ud83c\udf89 \r\n\r\nOur latest marketing campaign is here to help you boost your business and connect with your audience like never before. \r\n\r\n\u2705 Tailored strategies for your brand\r\n\u2705 Expert insights and support\r\n\u2705 Increased engagement and conversions\r\n\r\nDon't miss out on this opportunity to elevate your marketing game! \r\n\r\n\ud83d\udc49 *Join us now:*\r\nhttps://example.com\r\n\r\nLooking forward to seeing you thrive! \ud83c\udf1f",
        "fileName": "PASONS_26_WEEKEND_DEAL.pdf",
        "mediaKey": {
          "data": [
            179,
            124,
            246,
            105,
            39,
            39,
            67,
            43,
            10,
            226,
            59,
            165,
            20,
            223,
            159,
            20,
            214,
            1,
            8,
            79,
            125,
            169,
            227,
            110,
            56,
            14,
            87,
            54,
            200,
            86,
            72,
            176
          ],
          "type": "Buffer"
        },
        "mimetype": "application/pdf",
        "directPath": "/v/t62.7119-24/597672943_880068377693347_4759513307553281442_n.enc?ccb=11-4&oh=01_Q5Aa3QEt7TRH21DsWpuxbGJ4mKMtPTRxjlwbgL9Hi0DvGbdEig&oe=695E3EDD&_nc_sid=5e03e0",
        "fileLength": 1707172,
        "fileSha256": {
          "data": [
            91,
            190,
            43,
            100,
            215,
            25,
            112,
            239,
            14,
            233,
            131,
            151,
            70,
            236,
            6,
            255,
            169,
            230,
            115,
            203,
            62,
            169,
            234,
            117,
            116,
            243,
            70,
            126,
            104,
            22,
            175,
            135
          ],
          "type": "Buffer"
        },
        "fileEncSha256": {
          "data": [
            125,
            92,
            163,
            217,
            43,
            81,
            185,
            1,
            80,
            163,
            32,
            220,
            130,
            67,
            74,
            99,
            154,
            25,
            143,
            153,
            86,
            237,
            136,
            20,
            180,
            126,
            228,
            253,
            85,
            110,
            74,
            122
          ],
          "type": "Buffer"
        },
        "mediaKeyTimestamp": 1765194436
      }
    },
    "messageTimestamp": "1765194436",
    "status": 4
  },
  "timestamp": 1765196026819
}
[INFO] 2025-12-08 16:13:46 whatsappapi.views views.wasender_webhook:1528 - 📥 WEBHOOK RECEIVED | User: 4 | Event: messages.update | Session: d7d26550f17fc0ae996f...
[INFO] 2025-12-08 16:13:46 whatsappapi.views views.wasender_webhook:1529 - 🔐 Webhook Signature: dab9170e3594a894d100...
[INFO] 2025-12-08 16:13:46 whatsappapi.views views.wasender_webhook:1530 - 📦 Webhook Payload: {
  "event": "messages.update",
  "sessionId": "d7d26550f17fc0ae996fcd1adfff41347f25b75a0ba70a53db8525f093eecc3e",
  "data": {
    "remoteJid": "919961557713@s.whatsapp.net",
    "id": "3EB0B2598AF1E67647B58F",
    "msgId": 15125866,
    "key": {
      "id": "3EB0B2598AF1E67647B58F",
      "fromMe": true,
      "remoteJid": "919961557713@s.whatsapp.net"
    },
    "message": {
      "documentMessage": {
        "url": "https://mmg.whatsapp.net/v/t62.7119-24/597921574_1183735853899942_5364554952300808517_n.enc?ccb=11-4&oh=01_Q5Aa3QEfm2R8aJzvBt8o383jG7z4wbDd-nkbF9Ouzu7FOXf-aw&oe=695E2E19&_nc_sid=5e03e0&mms3=true",
        "caption": "\ud83c\udf1f *\ud83d\udce2*Exciting News*, Shabana!*\r\n\r\nGet ready to elevate your experience with our latest offerings! We have something special just for you that you won't want to miss.\r\n\r\n\u2705 Exclusive insights into our innovative services\r\n\u2705 Personalized support tailored to your needs\r\n\u2705 A warm community to connect and grow with\r\n\r\nJoin us and discover how we can help you thrive! \r\n\r\n\ud83d\udc49 *Connect with us now:*\r\n\r\nLooking forward to seeing you! \ud83c\udf89\n\n---\nReply *STOP* to opt-out",
        "fileName": "PASONS_26_WEEKEND_DEAL.pdf",
        "mediaKey": {
          "data": [
            77,
            153,
            30,
            201,
            91,
            192,
            159,
            234,
            214,
            233,
            184,
            127,
            146,
            22,
            90,
            55,
            9,
            2,
            31,
            132,
            22,
            164,
            77,
            78,
            195,
            132,
            202,
            105,
            4,
            80,
            37,
            238
          ],
          "type": "Buffer"
        },
        "mimetype": "application/pdf",
        "directPath": "/v/t62.7119-24/597921574_1183735853899942_5364554952300808517_n.enc?ccb=11-4&oh=01_Q5Aa3QEfm2R8aJzvBt8o383jG7z4wbDd-nkbF9Ouzu7FOXf-aw&oe=695E2E19&_nc_sid=5e03e0",
        "fileLength": 1707172,
        "fileSha256": {
          "data": [
            91,
            190,
            43,
            100,
            215,
            25,
            112,
            239,
            14,
            233,
            131,
            151,
            70,
            236,
            6,
            255,
            169,
            230,
            115,
            203,
            62,
            169,
            234,
            117,
            116,
            243,
            70,
            126,
            104,
            22,
            175,
            135
          ],
          "type": "Buffer"
        },
        "fileEncSha256": {
          "data": [
            39,
            117,
            124,
            45,
            161,
            242,
            109,
            115,
            62,
            108,
            80,
            16,
            45,
            131,
            47,
            212,
            177,
            130,
            61,
            186,
            174,
            133,
            199,
            14,
            208,
            104,
            68,
            223,
            249,
            244,
            66,
            84
          ],
          "type": "Buffer"
        },
        "mediaKeyTimestamp": 1765193302
      }
    },
    "messageTimestamp": "1765193302",
    "status": 4
  },
  "timestamp": 1765196026816
}
[INFO] 2025-12-08 16:13:46 whatsappapi.views views.wasender_webhook:1528 - 📥 WEBHOOK RECEIVED | User: 4 | Event: messages.update | Session: d7d26550f17fc0ae996f...
[INFO] 2025-12-08 16:13:46 whatsappapi.views views.wasender_webhook:1529 - 🔐 Webhook Signature: dab9170e3594a894d100...
[INFO] 2025-12-08 16:13:46 whatsappapi.views views.wasender_webhook:1530 - 📦 Webhook Payload: {
  "event": "messages.update",
  "sessionId": "d7d26550f17fc0ae996fcd1adfff41347f25b75a0ba70a53db8525f093eecc3e",
  "data": {
    "remoteJid": "919961557713@s.whatsapp.net",
    "id": "3EB0ED6641C7214AC78196",
    "msgId": 15131893,
    "key": {
      "id": "3EB0ED6641C7214AC78196",
      "fromMe": true,
      "remoteJid": "919961557713@s.whatsapp.net"
    },
    "message": {
      "documentMessage": {
        "url": "https://mmg.whatsapp.net/v/t62.7119-24/597675326_858582199905247_2245808091545927224_n.enc?ccb=11-4&oh=01_Q5Aa3QFENPZPmHzkrM2rqsQFSna2rdIH9-oIOuhacon3yHCYwA&oe=695E196D&_nc_sid=5e03e0&mms3=true",
        "caption": "Hi Dears\r\nWeekend Deals \r\nTest Campaign\n\n---\nReply *STOP* to opt-out",
        "fileName": "PASONS_26_WEEKEND_DEAL.pdf",
        "mediaKey": {
          "data": [
            228,
            94,
            78,
            233,
            242,
            30,
            54,
            205,
            178,
            206,
            41,
            181,
            21,
            243,
            149,
            156,
            53,
            58,
            94,
            141,
            80,
            12,
            134,
            113,
            4,
            136,
            43,
            235,
            55,
            189,
            25,
            162
          ],
          "type": "Buffer"
        },
        "mimetype": "application/pdf",
        "directPath": "/v/t62.7119-24/597675326_858582199905247_2245808091545927224_n.enc?ccb=11-4&oh=01_Q5Aa3QFENPZPmHzkrM2rqsQFSna2rdIH9-oIOuhacon3yHCYwA&oe=695E196D&_nc_sid=5e03e0",
        "fileLength": 1707172,
        "fileSha256": {
          "data": [
            91,
            190,
            43,
            100,
            215,
            25,
            112,
            239,
            14,
            233,
            131,
            151,
            70,
            236,
            6,
            255,
            169,
            230,
            115,
            203,
            62,
            169,
            234,
            117,
            116,
            243,
            70,
            126,
            104,
            22,
            175,
            135
          ],
          "type": "Buffer"
        },
        "fileEncSha256": {
          "data": [
            211,
            104,
            150,
            201,
            108,
            62,
            238,
            187,
            9,
            163,
            134,
            113,
            91,
            47,
            176,
            80,
            54,
            131,
            107,
            146,
            133,
            226,
            106,
            34,
            89,
            43,
            12,
            44,
            172,
            67,
            185,
            31
          ],
          "type": "Buffer"
        },
        "mediaKeyTimestamp": 1765195767
      }
    },
    "messageTimestamp": "1765195767",
    "status": 4
  },
  "timestamp": 1765196026817
}
[INFO] 2025-12-08 16:13:46 whatsappapi.views views.wasender_webhook:1572 - ✅ WEBHOOK PROCESSED | User: 4 | Event: messages.update | Time: 23.49ms
[INFO] 2025-12-08 16:13:46 django.server log.log_message:249 - "POST /whatsappapi/webhook/4/ HTTP/1.1" 200 110
[INFO] 2025-12-08 16:13:46 whatsappapi.views views.wasender_webhook:1572 - ✅ WEBHOOK PROCESSED | User: 4 | Event: messages.update | Time: 19.89ms
[INFO] 2025-12-08 16:13:46 django.server log.log_message:249 - "POST /whatsappapi/webhook/4/ HTTP/1.1" 200 110
[INFO] 2025-12-08 16:13:46 whatsappapi.views views.wasender_webhook:1572 - ✅ WEBHOOK PROCESSED | User: 4 | Event: messages.update | Time: 42.09ms
[INFO] 2025-12-08 16:13:46 django.server log.log_message:249 - "POST /whatsappapi/webhook/4/ HTTP/1.1" 200 110
[INFO] 2025-12-08 16:13:47 whatsappapi.views views.wasender_webhook:1528 - 📥 WEBHOOK RECEIVED | User: 4 | Event: messages.update | Session: d7d26550f17fc0ae996f...
[INFO] 2025-12-08 16:13:47 whatsappapi.views views.wasender_webhook:1529 - 🔐 Webhook Signature: dab9170e3594a894d100...
[INFO] 2025-12-08 16:13:47 whatsappapi.views views.wasender_webhook:1530 - 📦 Webhook Payload: {
  "event": "messages.update",
  "sessionId": "d7d26550f17fc0ae996fcd1adfff41347f25b75a0ba70a53db8525f093eecc3e",
  "data": {
    "remoteJid": "919961557713@s.whatsapp.net",
    "id": "3EB034C0DDF0BD71BD9482",
    "msgId": 15128681,
    "key": {
      "id": "3EB034C0DDF0BD71BD9482",
      "fromMe": true,
      "remoteJid": "919961557713@s.whatsapp.net"
    },
    "message": {
      "extendedTextMessage": {
        "text": "HI Dear"
      }
    },
    "messageTimestamp": "1765194631",
    "status": 4
  },
  "timestamp": 1765196026818
}
[INFO] 2025-12-08 16:13:47 whatsappapi.views views.wasender_webhook:1572 - ✅ WEBHOOK PROCESSED | User: 4 | Event: messages.update | Time: 20.60ms
[INFO] 2025-12-08 16:13:47 django.server log.log_message:249 - "POST /whatsappapi/webhook/4/ HTTP/1.1" 200 109
[INFO] 2025-12-08 16:13:55 django.server basehttp.handle_error:82 - - Broken pipe from ('127.0.0.1', 60589)
[INFO] 2025-12-08 16:13:55 django.server basehttp.handle_error:82 - - Broken pipe from ('127.0.0.1', 57239)
[INFO] 2025-12-08 16:13:55 django.server basehttp.handle_error:82 - - Broken pipe from ('127.0.0.1', 58423)
[INFO] 2025-12-08 16:13:55 django.server basehttp.handle_error:82 - - Broken pipe from ('127.0.0.1', 62197)
[INFO] 2025-12-08 16:13:55 django.server basehttp.handle_error:82 - - Broken pipe from ('127.0.0.1', 62191)
[INFO] 2025-12-08 16:13:55 django.server basehttp.handle_error:82 - - Broken pipe from ('127.0.0.1', 62194)
